mode: set
github.com/jokruger/dec128/arithmetic.go:8.45,10.31 1 1
github.com/jokruger/dec128/arithmetic.go:10.31,12.3 1 1
github.com/jokruger/dec128/arithmetic.go:13.2,13.32 1 1
github.com/jokruger/dec128/arithmetic.go:13.32,15.3 1 1
github.com/jokruger/dec128/arithmetic.go:18.2,18.37 1 1
github.com/jokruger/dec128/arithmetic.go:18.37,20.3 1 1
github.com/jokruger/dec128/arithmetic.go:23.2,23.61 1 1
github.com/jokruger/dec128/arithmetic.go:23.61,25.3 1 1
github.com/jokruger/dec128/arithmetic.go:28.2,28.38 1 1
github.com/jokruger/dec128/arithmetic.go:34.49,36.2 1 1
github.com/jokruger/dec128/arithmetic.go:41.45,43.31 1 1
github.com/jokruger/dec128/arithmetic.go:43.31,45.3 1 1
github.com/jokruger/dec128/arithmetic.go:46.2,46.32 1 1
github.com/jokruger/dec128/arithmetic.go:46.32,48.3 1 1
github.com/jokruger/dec128/arithmetic.go:51.2,51.37 1 1
github.com/jokruger/dec128/arithmetic.go:51.37,53.3 1 1
github.com/jokruger/dec128/arithmetic.go:56.2,56.61 1 1
github.com/jokruger/dec128/arithmetic.go:56.61,58.3 1 1
github.com/jokruger/dec128/arithmetic.go:61.2,61.38 1 1
github.com/jokruger/dec128/arithmetic.go:67.49,69.2 1 1
github.com/jokruger/dec128/arithmetic.go:74.45,75.31 1 1
github.com/jokruger/dec128/arithmetic.go:75.31,77.3 1 1
github.com/jokruger/dec128/arithmetic.go:79.2,79.32 1 1
github.com/jokruger/dec128/arithmetic.go:79.32,81.3 1 1
github.com/jokruger/dec128/arithmetic.go:83.2,83.47 1 1
github.com/jokruger/dec128/arithmetic.go:83.47,85.3 1 1
github.com/jokruger/dec128/arithmetic.go:87.2,88.8 2 1
github.com/jokruger/dec128/arithmetic.go:88.8,90.3 1 1
github.com/jokruger/dec128/arithmetic.go:92.2,95.8 4 1
github.com/jokruger/dec128/arithmetic.go:95.8,97.3 1 0
github.com/jokruger/dec128/arithmetic.go:99.2,99.38 1 1
github.com/jokruger/dec128/arithmetic.go:105.49,107.2 1 1
github.com/jokruger/dec128/arithmetic.go:112.45,113.31 1 1
github.com/jokruger/dec128/arithmetic.go:113.31,115.3 1 1
github.com/jokruger/dec128/arithmetic.go:117.2,117.32 1 1
github.com/jokruger/dec128/arithmetic.go:117.32,119.3 1 1
github.com/jokruger/dec128/arithmetic.go:121.2,121.25 1 1
github.com/jokruger/dec128/arithmetic.go:121.25,123.3 1 1
github.com/jokruger/dec128/arithmetic.go:125.2,125.24 1 1
github.com/jokruger/dec128/arithmetic.go:125.24,127.3 1 1
github.com/jokruger/dec128/arithmetic.go:129.2,130.8 2 1
github.com/jokruger/dec128/arithmetic.go:130.8,132.3 1 1
github.com/jokruger/dec128/arithmetic.go:134.2,137.8 4 1
github.com/jokruger/dec128/arithmetic.go:137.8,139.3 1 1
github.com/jokruger/dec128/arithmetic.go:141.2,141.38 1 1
github.com/jokruger/dec128/arithmetic.go:147.49,149.2 1 1
github.com/jokruger/dec128/arithmetic.go:154.45,155.31 1 1
github.com/jokruger/dec128/arithmetic.go:155.31,157.3 1 1
github.com/jokruger/dec128/arithmetic.go:159.2,159.32 1 1
github.com/jokruger/dec128/arithmetic.go:159.32,161.3 1 1
github.com/jokruger/dec128/arithmetic.go:163.2,163.25 1 1
github.com/jokruger/dec128/arithmetic.go:163.25,165.3 1 1
github.com/jokruger/dec128/arithmetic.go:167.2,167.24 1 1
github.com/jokruger/dec128/arithmetic.go:167.24,169.3 1 1
github.com/jokruger/dec128/arithmetic.go:171.2,172.8 2 1
github.com/jokruger/dec128/arithmetic.go:172.8,174.3 1 1
github.com/jokruger/dec128/arithmetic.go:176.2,179.8 4 0
github.com/jokruger/dec128/arithmetic.go:179.8,181.3 1 0
github.com/jokruger/dec128/arithmetic.go:183.2,183.38 1 0
github.com/jokruger/dec128/arithmetic.go:189.49,191.2 1 1
github.com/jokruger/dec128/arithmetic.go:196.58,197.31 1 1
github.com/jokruger/dec128/arithmetic.go:197.31,199.3 1 1
github.com/jokruger/dec128/arithmetic.go:201.2,201.32 1 1
github.com/jokruger/dec128/arithmetic.go:201.32,203.3 1 1
github.com/jokruger/dec128/arithmetic.go:205.2,205.25 1 1
github.com/jokruger/dec128/arithmetic.go:205.25,207.3 1 1
github.com/jokruger/dec128/arithmetic.go:209.2,209.24 1 1
github.com/jokruger/dec128/arithmetic.go:209.24,211.3 1 1
github.com/jokruger/dec128/arithmetic.go:213.2,214.8 2 1
github.com/jokruger/dec128/arithmetic.go:214.8,216.3 1 1
github.com/jokruger/dec128/arithmetic.go:218.2,221.8 4 0
github.com/jokruger/dec128/arithmetic.go:221.8,223.3 1 0
github.com/jokruger/dec128/arithmetic.go:225.2,225.69 1 0
github.com/jokruger/dec128/arithmetic.go:231.62,233.2 1 1
github.com/jokruger/dec128/arithmetic.go:237.33,238.31 1 1
github.com/jokruger/dec128/arithmetic.go:238.31,240.3 1 1
github.com/jokruger/dec128/arithmetic.go:241.2,241.47 1 1
github.com/jokruger/dec128/arithmetic.go:246.33,247.31 1 1
github.com/jokruger/dec128/arithmetic.go:247.31,249.3 1 1
github.com/jokruger/dec128/arithmetic.go:251.2,251.29 1 1
github.com/jokruger/dec128/arithmetic.go:251.29,253.3 1 1
github.com/jokruger/dec128/arithmetic.go:255.2,255.65 1 1
github.com/jokruger/dec128/arithmetic.go:262.34,263.31 1 1
github.com/jokruger/dec128/arithmetic.go:263.31,265.3 1 1
github.com/jokruger/dec128/arithmetic.go:267.2,267.24 1 1
github.com/jokruger/dec128/arithmetic.go:267.24,269.3 1 1
github.com/jokruger/dec128/arithmetic.go:271.2,271.29 1 1
github.com/jokruger/dec128/arithmetic.go:271.29,273.3 1 1
github.com/jokruger/dec128/arithmetic.go:275.2,275.21 1 1
github.com/jokruger/dec128/arithmetic.go:275.21,277.3 1 1
github.com/jokruger/dec128/arithmetic.go:279.2,280.8 2 1
github.com/jokruger/dec128/arithmetic.go:280.8,282.3 1 1
github.com/jokruger/dec128/arithmetic.go:284.2,286.8 3 0
github.com/jokruger/dec128/arithmetic.go:286.8,288.3 1 0
github.com/jokruger/dec128/arithmetic.go:290.2,290.38 1 0
github.com/jokruger/dec128/arithmetic.go:294.41,295.31 1 1
github.com/jokruger/dec128/arithmetic.go:295.31,297.3 1 1
github.com/jokruger/dec128/arithmetic.go:299.2,299.11 1 1
github.com/jokruger/dec128/arithmetic.go:299.11,301.3 1 1
github.com/jokruger/dec128/arithmetic.go:303.2,303.12 1 1
github.com/jokruger/dec128/arithmetic.go:303.12,305.3 1 1
github.com/jokruger/dec128/arithmetic.go:307.2,307.12 1 1
github.com/jokruger/dec128/arithmetic.go:307.12,309.3 1 1
github.com/jokruger/dec128/arithmetic.go:311.2,311.18 1 1
github.com/jokruger/dec128/arithmetic.go:311.18,313.3 1 1
github.com/jokruger/dec128/arithmetic.go:315.2,315.53 1 1
github.com/jokruger/dec128/binary.go:11.37,14.31 2 1
github.com/jokruger/dec128/binary.go:14.31,15.23 1 1
github.com/jokruger/dec128/binary.go:15.23,17.4 1 1
github.com/jokruger/dec128/binary.go:18.3,18.23 1 1
github.com/jokruger/dec128/binary.go:18.23,20.4 1 1
github.com/jokruger/dec128/binary.go:21.3,21.19 1 1
github.com/jokruger/dec128/binary.go:21.19,23.4 1 1
github.com/jokruger/dec128/binary.go:26.2,26.11 1 1
github.com/jokruger/dec128/binary.go:30.58,34.53 2 1
github.com/jokruger/dec128/binary.go:34.53,35.14 1 1
github.com/jokruger/dec128/binary.go:35.14,37.4 1 1
github.com/jokruger/dec128/binary.go:38.3,39.16 2 1
github.com/jokruger/dec128/binary.go:42.2,45.22 3 1
github.com/jokruger/dec128/binary.go:45.22,46.17 1 1
github.com/jokruger/dec128/binary.go:46.17,48.4 1 0
github.com/jokruger/dec128/binary.go:49.3,51.11 3 1
github.com/jokruger/dec128/binary.go:54.2,54.22 1 1
github.com/jokruger/dec128/binary.go:54.22,55.17 1 1
github.com/jokruger/dec128/binary.go:55.17,57.4 1 1
github.com/jokruger/dec128/binary.go:58.3,60.11 3 1
github.com/jokruger/dec128/binary.go:63.2,63.18 1 1
github.com/jokruger/dec128/binary.go:63.18,64.17 1 1
github.com/jokruger/dec128/binary.go:64.17,66.4 1 0
github.com/jokruger/dec128/binary.go:67.3,69.8 3 1
github.com/jokruger/dec128/binary.go:73.2,75.17 2 1
github.com/jokruger/dec128/binary.go:79.59,81.13 2 1
github.com/jokruger/dec128/binary.go:81.13,83.3 1 1
github.com/jokruger/dec128/binary.go:85.2,93.21 6 1
github.com/jokruger/dec128/binary.go:93.21,95.3 1 1
github.com/jokruger/dec128/binary.go:98.2,102.19 4 1
github.com/jokruger/dec128/binary.go:102.19,105.3 2 1
github.com/jokruger/dec128/binary.go:106.2,106.19 1 1
github.com/jokruger/dec128/binary.go:106.19,109.3 2 1
github.com/jokruger/dec128/binary.go:110.2,110.20 1 1
github.com/jokruger/dec128/binary.go:110.20,113.3 2 1
github.com/jokruger/dec128/binary.go:115.2,120.17 5 1
github.com/jokruger/dec128/binary.go:124.52,127.16 3 1
github.com/jokruger/dec128/binary.go:127.16,129.3 1 0
github.com/jokruger/dec128/binary.go:130.2,130.21 1 1
github.com/jokruger/dec128/binary.go:134.56,136.16 2 1
github.com/jokruger/dec128/binary.go:136.16,138.3 1 1
github.com/jokruger/dec128/binary.go:139.2,139.20 1 1
github.com/jokruger/dec128/binary.go:139.20,141.3 1 0
github.com/jokruger/dec128/binary.go:142.2,142.12 1 1
github.com/jokruger/dec128/binary.go:146.48,148.2 1 1
github.com/jokruger/dec128/binary.go:151.50,153.2 1 1
github.com/jokruger/dec128/binary.go:156.61,159.16 3 1
github.com/jokruger/dec128/binary.go:159.16,161.3 1 0
github.com/jokruger/dec128/binary.go:162.2,162.37 1 1
github.com/jokruger/dec128/binary.go:166.51,169.16 3 1
github.com/jokruger/dec128/binary.go:169.16,171.3 1 0
github.com/jokruger/dec128/binary.go:172.2,173.12 2 1
github.com/jokruger/dec128/binary.go:177.51,182.51 2 1
github.com/jokruger/dec128/binary.go:182.51,184.3 1 0
github.com/jokruger/dec128/binary.go:185.2,194.18 6 1
github.com/jokruger/dec128/binary.go:194.18,195.62 1 1
github.com/jokruger/dec128/binary.go:195.62,197.4 1 0
github.com/jokruger/dec128/binary.go:201.2,205.19 4 1
github.com/jokruger/dec128/binary.go:205.19,208.3 2 0
github.com/jokruger/dec128/binary.go:209.2,209.19 1 1
github.com/jokruger/dec128/binary.go:209.19,212.3 2 1
github.com/jokruger/dec128/binary.go:213.2,213.20 1 1
github.com/jokruger/dec128/binary.go:213.20,216.3 1 1
github.com/jokruger/dec128/binary.go:218.2,223.12 5 1
github.com/jokruger/dec128/const.go:56.38,57.25 1 1
github.com/jokruger/dec128/const.go:57.25,58.44 1 1
github.com/jokruger/dec128/const.go:60.2,60.25 1 1
github.com/jokruger/dec128/dec128.go:21.60,22.24 1 1
github.com/jokruger/dec128/dec128.go:22.24,24.3 1 1
github.com/jokruger/dec128/dec128.go:26.2,26.9 1 1
github.com/jokruger/dec128/dec128.go:26.9,28.3 1 1
github.com/jokruger/dec128/dec128.go:30.2,30.37 1 1
github.com/jokruger/dec128/dec128.go:34.37,35.26 1 1
github.com/jokruger/dec128/dec128.go:35.26,37.3 1 1
github.com/jokruger/dec128/dec128.go:38.2,38.30 1 1
github.com/jokruger/dec128/dec128.go:43.34,45.2 1 1
github.com/jokruger/dec128/dec128.go:49.38,51.2 1 1
github.com/jokruger/dec128/dec128.go:55.38,57.2 1 1
github.com/jokruger/dec128/dec128.go:60.33,62.2 1 1
github.com/jokruger/dec128/dec128.go:66.41,67.30 1 1
github.com/jokruger/dec128/dec128.go:67.30,69.3 1 1
github.com/jokruger/dec128/dec128.go:70.2,70.27 1 1
github.com/jokruger/dec128/dec128.go:74.31,75.53 1 1
github.com/jokruger/dec128/dec128.go:75.53,77.3 1 1
github.com/jokruger/dec128/dec128.go:79.2,79.29 1 1
github.com/jokruger/dec128/dec128.go:79.29,81.3 1 1
github.com/jokruger/dec128/dec128.go:83.2,83.10 1 1
github.com/jokruger/dec128/dec128.go:87.38,89.2 1 1
github.com/jokruger/dec128/dec128.go:94.47,95.51 1 1
github.com/jokruger/dec128/dec128.go:95.51,97.3 1 1
github.com/jokruger/dec128/dec128.go:99.2,99.25 1 1
github.com/jokruger/dec128/dec128.go:99.25,101.3 1 1
github.com/jokruger/dec128/dec128.go:103.2,103.21 1 1
github.com/jokruger/dec128/dec128.go:103.21,107.23 3 1
github.com/jokruger/dec128/dec128.go:107.23,109.4 1 1
github.com/jokruger/dec128/dec128.go:110.3,110.58 1 1
github.com/jokruger/dec128/dec128.go:114.2,116.22 3 1
github.com/jokruger/dec128/dec128.go:116.22,118.3 1 0
github.com/jokruger/dec128/dec128.go:119.2,119.57 1 1
github.com/jokruger/dec128/dec128.go:123.45,124.31 1 1
github.com/jokruger/dec128/dec128.go:124.31,126.3 1 1
github.com/jokruger/dec128/dec128.go:128.2,128.31 1 1
github.com/jokruger/dec128/dec128.go:128.31,130.3 1 1
github.com/jokruger/dec128/dec128.go:132.2,132.27 1 1
github.com/jokruger/dec128/dec128.go:132.27,134.3 1 1
github.com/jokruger/dec128/dec128.go:136.2,136.47 1 1
github.com/jokruger/dec128/dec128.go:136.47,138.3 1 1
github.com/jokruger/dec128/dec128.go:140.2,143.30 4 1
github.com/jokruger/dec128/dec128.go:143.30,145.3 1 1
github.com/jokruger/dec128/dec128.go:147.2,147.14 1 0
github.com/jokruger/dec128/dec128.go:152.46,153.61 1 1
github.com/jokruger/dec128/dec128.go:153.61,155.3 1 1
github.com/jokruger/dec128/dec128.go:157.2,157.31 1 1
github.com/jokruger/dec128/dec128.go:157.31,159.3 1 1
github.com/jokruger/dec128/dec128.go:161.2,161.32 1 1
github.com/jokruger/dec128/dec128.go:161.32,163.3 1 1
github.com/jokruger/dec128/dec128.go:165.2,168.19 3 1
github.com/jokruger/dec128/dec128.go:168.19,170.3 1 1
github.com/jokruger/dec128/dec128.go:172.2,172.19 1 1
github.com/jokruger/dec128/dec128.go:172.19,174.3 1 1
github.com/jokruger/dec128/dec128.go:176.2,176.47 1 1
github.com/jokruger/dec128/dec128.go:176.47,178.3 1 1
github.com/jokruger/dec128/dec128.go:180.2,180.27 1 1
github.com/jokruger/dec128/dec128.go:180.27,181.11 1 1
github.com/jokruger/dec128/dec128.go:181.11,183.4 1 0
github.com/jokruger/dec128/dec128.go:184.3,184.39 1 1
github.com/jokruger/dec128/dec128.go:187.2,189.15 3 1
github.com/jokruger/dec128/dec128.go:189.15,191.3 1 1
github.com/jokruger/dec128/dec128.go:192.2,193.15 2 1
github.com/jokruger/dec128/dec128.go:193.15,195.3 1 1
github.com/jokruger/dec128/dec128.go:197.2,197.10 1 1
github.com/jokruger/dec128/dec128.go:197.10,199.3 1 0
github.com/jokruger/dec128/dec128.go:201.2,201.31 1 1
github.com/jokruger/dec128/dec128.go:206.39,207.31 1 1
github.com/jokruger/dec128/dec128.go:207.31,209.3 1 1
github.com/jokruger/dec128/dec128.go:211.2,211.19 1 1
github.com/jokruger/dec128/dec128.go:211.19,213.3 1 1
github.com/jokruger/dec128/dec128.go:215.2,215.19 1 1
github.com/jokruger/dec128/dec128.go:215.19,217.3 1 1
github.com/jokruger/dec128/dec128.go:219.2,221.6 3 1
github.com/jokruger/dec128/dec128.go:221.6,223.32 2 1
github.com/jokruger/dec128/dec128.go:223.32,224.9 1 1
github.com/jokruger/dec128/dec128.go:226.3,228.15 3 1
github.com/jokruger/dec128/dec128.go:228.15,229.9 1 1
github.com/jokruger/dec128/dec128.go:233.2,233.56 1 1
github.com/jokruger/dec128/dec128.go:237.37,239.2 1 1
github.com/jokruger/dec128/dec128.go:242.50,244.2 1 1
github.com/jokruger/dec128/dec128.go:247.48,249.2 1 1
github.com/jokruger/dec128/dec128.go:252.55,254.2 1 1
github.com/jokruger/dec128/dec128.go:257.51,259.2 1 1
github.com/jokruger/dec128/dec128.go:262.58,264.2 1 1
github.com/jokruger/dec128/dec128.go:267.34,269.2 1 1
github.com/jokruger/dec128/dec128.go:272.41,274.25 2 1
github.com/jokruger/dec128/dec128.go:275.14,277.19 2 1
github.com/jokruger/dec128/dec128.go:277.19,279.4 1 1
github.com/jokruger/dec128/dec128.go:280.11,281.30 1 1
github.com/jokruger/dec128/dec128.go:282.13,283.23 1 1
github.com/jokruger/dec128/dec128.go:284.11,285.15 1 1
github.com/jokruger/dec128/dec128.go:286.10,287.77 1 1
github.com/jokruger/dec128/dec128.go:290.2,290.12 1 1
github.com/jokruger/dec128/dec128.go:294.50,296.2 1 1
github.com/jokruger/dec128/from.go:15.48,18.12 2 1
github.com/jokruger/dec128/from.go:19.9,20.14 1 1
github.com/jokruger/dec128/from.go:21.9,22.15 1 1
github.com/jokruger/dec128/from.go:23.12,24.15 1 1
github.com/jokruger/dec128/from.go:25.22,26.45 1 1
github.com/jokruger/dec128/from.go:28.9,29.50 1 1
github.com/jokruger/dec128/from.go:29.50,31.4 1 1
github.com/jokruger/dec128/from.go:34.2,37.14 3 1
github.com/jokruger/dec128/from.go:38.11,39.6 1 1
github.com/jokruger/dec128/from.go:40.11,42.6 2 1
github.com/jokruger/dec128/from.go:45.2,45.35 1 1
github.com/jokruger/dec128/from.go:45.35,48.21 2 1
github.com/jokruger/dec128/from.go:48.21,50.16 2 1
github.com/jokruger/dec128/from.go:50.16,51.18 1 1
github.com/jokruger/dec128/from.go:51.18,53.6 1 1
github.com/jokruger/dec128/from.go:54.5,55.13 2 1
github.com/jokruger/dec128/from.go:57.4,57.26 1 1
github.com/jokruger/dec128/from.go:57.26,59.5 1 1
github.com/jokruger/dec128/from.go:60.4,60.28 1 1
github.com/jokruger/dec128/from.go:62.3,62.26 1 1
github.com/jokruger/dec128/from.go:62.26,64.4 1 1
github.com/jokruger/dec128/from.go:65.3,65.74 1 1
github.com/jokruger/dec128/from.go:68.2,69.20 2 1
github.com/jokruger/dec128/from.go:69.20,70.18 1 1
github.com/jokruger/dec128/from.go:70.18,71.9 1 1
github.com/jokruger/dec128/from.go:75.2,75.13 1 1
github.com/jokruger/dec128/from.go:75.13,77.23 2 1
github.com/jokruger/dec128/from.go:77.23,79.4 1 1
github.com/jokruger/dec128/from.go:80.3,80.47 1 1
github.com/jokruger/dec128/from.go:83.2,83.15 1 1
github.com/jokruger/dec128/from.go:83.15,85.3 1 0
github.com/jokruger/dec128/from.go:87.2,88.36 2 1
github.com/jokruger/dec128/from.go:88.36,90.3 1 1
github.com/jokruger/dec128/from.go:92.2,93.23 2 1
github.com/jokruger/dec128/from.go:93.23,95.3 1 0
github.com/jokruger/dec128/from.go:97.2,98.23 2 1
github.com/jokruger/dec128/from.go:98.23,100.3 1 0
github.com/jokruger/dec128/from.go:103.2,104.22 2 1
github.com/jokruger/dec128/from.go:104.22,106.3 1 1
github.com/jokruger/dec128/from.go:108.2,108.32 1 1
github.com/jokruger/dec128/from.go:108.32,110.3 1 0
github.com/jokruger/dec128/from.go:112.2,112.56 1 1
github.com/jokruger/dec128/from.go:117.52,120.41 2 1
github.com/jokruger/dec128/from.go:120.41,122.3 1 1
github.com/jokruger/dec128/from.go:124.2,127.14 3 1
github.com/jokruger/dec128/from.go:128.11,129.6 1 1
github.com/jokruger/dec128/from.go:130.11,132.6 2 1
github.com/jokruger/dec128/from.go:135.2,135.35 1 1
github.com/jokruger/dec128/from.go:135.35,138.21 2 1
github.com/jokruger/dec128/from.go:138.21,140.16 2 1
github.com/jokruger/dec128/from.go:140.16,142.13 2 1
github.com/jokruger/dec128/from.go:144.4,144.28 1 1
github.com/jokruger/dec128/from.go:146.3,146.26 1 1
github.com/jokruger/dec128/from.go:146.26,148.4 1 1
github.com/jokruger/dec128/from.go:149.3,149.74 1 1
github.com/jokruger/dec128/from.go:152.2,153.28 2 1
github.com/jokruger/dec128/from.go:153.28,155.3 1 1
github.com/jokruger/dec128/from.go:157.2,157.13 1 1
github.com/jokruger/dec128/from.go:157.13,159.23 2 1
github.com/jokruger/dec128/from.go:159.23,161.4 1 0
github.com/jokruger/dec128/from.go:162.3,162.47 1 1
github.com/jokruger/dec128/from.go:165.2,166.36 2 1
github.com/jokruger/dec128/from.go:166.36,168.3 1 0
github.com/jokruger/dec128/from.go:170.2,171.23 2 1
github.com/jokruger/dec128/from.go:171.23,173.3 1 0
github.com/jokruger/dec128/from.go:175.2,176.23 2 1
github.com/jokruger/dec128/from.go:176.23,178.3 1 0
github.com/jokruger/dec128/from.go:181.2,182.22 2 1
github.com/jokruger/dec128/from.go:182.22,184.3 1 0
github.com/jokruger/dec128/from.go:186.2,186.32 1 1
github.com/jokruger/dec128/from.go:186.32,188.3 1 0
github.com/jokruger/dec128/from.go:190.2,190.56 1 1
github.com/jokruger/dec128/from.go:194.64,196.2 1 1
github.com/jokruger/dec128/from.go:199.54,201.2 1 1
github.com/jokruger/dec128/from.go:204.52,205.34 1 1
github.com/jokruger/dec128/from.go:205.34,207.3 1 1
github.com/jokruger/dec128/from.go:209.2,209.14 1 1
github.com/jokruger/dec128/from.go:209.14,211.3 1 1
github.com/jokruger/dec128/from.go:213.2,213.65 1 1
github.com/jokruger/dec128/from.go:217.32,219.2 1 1
github.com/jokruger/dec128/from.go:222.36,223.39 1 1
github.com/jokruger/dec128/from.go:223.39,225.3 1 0
github.com/jokruger/dec128/from.go:226.2,226.56 1 1
github.com/jokruger/dec128/internal.go:38.56,42.28 3 1
github.com/jokruger/dec128/internal.go:42.28,44.3 1 1
github.com/jokruger/dec128/internal.go:46.2,47.28 2 1
github.com/jokruger/dec128/internal.go:47.28,49.3 1 0
github.com/jokruger/dec128/internal.go:51.2,51.24 1 1
github.com/jokruger/dec128/internal.go:51.24,53.23 2 1
github.com/jokruger/dec128/internal.go:53.23,55.4 1 1
github.com/jokruger/dec128/internal.go:56.3,56.61 1 1
github.com/jokruger/dec128/internal.go:59.2,59.32 1 1
github.com/jokruger/dec128/internal.go:60.9,62.23 2 1
github.com/jokruger/dec128/internal.go:62.23,64.4 1 0
github.com/jokruger/dec128/internal.go:65.3,65.61 1 1
github.com/jokruger/dec128/internal.go:66.9,67.20 1 1
github.com/jokruger/dec128/internal.go:68.10,70.23 2 1
github.com/jokruger/dec128/internal.go:70.23,72.4 1 0
github.com/jokruger/dec128/internal.go:73.3,73.61 1 1
github.com/jokruger/dec128/internal.go:78.56,82.15 3 1
github.com/jokruger/dec128/internal.go:82.15,84.3 1 1
github.com/jokruger/dec128/internal.go:86.2,87.15 2 1
github.com/jokruger/dec128/internal.go:87.15,89.3 1 0
github.com/jokruger/dec128/internal.go:91.2,91.24 1 1
github.com/jokruger/dec128/internal.go:91.24,93.23 2 1
github.com/jokruger/dec128/internal.go:93.23,95.4 1 1
github.com/jokruger/dec128/internal.go:96.3,96.61 1 1
github.com/jokruger/dec128/internal.go:99.2,99.32 1 1
github.com/jokruger/dec128/internal.go:100.9,102.23 2 1
github.com/jokruger/dec128/internal.go:102.23,104.4 1 0
github.com/jokruger/dec128/internal.go:105.3,105.61 1 1
github.com/jokruger/dec128/internal.go:106.9,107.20 1 1
github.com/jokruger/dec128/internal.go:108.10,110.23 2 1
github.com/jokruger/dec128/internal.go:110.23,112.4 1 0
github.com/jokruger/dec128/internal.go:113.3,113.27 1 1
github.com/jokruger/dec128/internal.go:113.27,115.4 1 1
github.com/jokruger/dec128/internal.go:116.3,116.63 1 1
github.com/jokruger/dec128/internal.go:121.56,123.31 2 1
github.com/jokruger/dec128/internal.go:123.31,125.3 1 1
github.com/jokruger/dec128/internal.go:127.2,130.21 3 1
github.com/jokruger/dec128/internal.go:130.21,132.27 2 1
github.com/jokruger/dec128/internal.go:132.27,134.4 1 1
github.com/jokruger/dec128/internal.go:135.3,136.34 2 1
github.com/jokruger/dec128/internal.go:139.2,140.6 2 1
github.com/jokruger/dec128/internal.go:140.6,141.13 1 1
github.com/jokruger/dec128/internal.go:141.13,143.4 1 0
github.com/jokruger/dec128/internal.go:144.3,145.36 2 1
github.com/jokruger/dec128/internal.go:145.36,147.4 1 1
github.com/jokruger/dec128/internal.go:148.3,148.23 1 1
github.com/jokruger/dec128/internal.go:148.23,150.4 1 1
github.com/jokruger/dec128/internal.go:151.3,152.28 2 0
github.com/jokruger/dec128/internal.go:152.28,154.4 1 0
github.com/jokruger/dec128/internal.go:159.56,162.29 3 1
github.com/jokruger/dec128/internal.go:162.29,165.3 2 1
github.com/jokruger/dec128/internal.go:166.2,168.22 3 1
github.com/jokruger/dec128/internal.go:168.22,170.3 1 1
github.com/jokruger/dec128/internal.go:172.2,172.31 1 1
github.com/jokruger/dec128/internal.go:172.31,174.3 1 1
github.com/jokruger/dec128/internal.go:176.2,176.59 1 1
github.com/jokruger/dec128/internal.go:180.67,187.27 6 1
github.com/jokruger/dec128/internal.go:187.27,191.3 3 1
github.com/jokruger/dec128/internal.go:191.8,195.23 4 1
github.com/jokruger/dec128/internal.go:195.23,197.4 1 0
github.com/jokruger/dec128/internal.go:200.2,201.22 2 1
github.com/jokruger/dec128/internal.go:201.22,203.3 1 0
github.com/jokruger/dec128/internal.go:205.2,205.31 1 1
github.com/jokruger/dec128/internal.go:205.31,207.3 1 1
github.com/jokruger/dec128/internal.go:209.2,209.107 1 1
github.com/jokruger/dec128/internal.go:214.59,218.29 3 1
github.com/jokruger/dec128/internal.go:218.29,220.3 1 1
github.com/jokruger/dec128/internal.go:222.2,223.15 2 1
github.com/jokruger/dec128/internal.go:223.15,225.3 1 1
github.com/jokruger/dec128/internal.go:227.2,228.15 2 1
github.com/jokruger/dec128/internal.go:228.15,232.3 3 1
github.com/jokruger/dec128/internal.go:232.8,232.23 1 1
github.com/jokruger/dec128/internal.go:232.23,235.3 2 1
github.com/jokruger/dec128/internal.go:235.8,239.3 3 1
github.com/jokruger/dec128/internal.go:241.2,241.17 1 1
github.com/jokruger/dec128/internal.go:244.42,247.30 2 1
github.com/jokruger/dec128/internal.go:247.30,249.3 1 1
github.com/jokruger/dec128/internal.go:251.2,251.29 1 1
github.com/jokruger/dec128/internal.go:251.29,253.3 1 1
github.com/jokruger/dec128/internal.go:255.2,255.15 1 1
github.com/jokruger/dec128/internal.go:259.45,264.19 4 1
github.com/jokruger/dec128/internal.go:264.19,267.23 2 0
github.com/jokruger/dec128/internal.go:267.23,269.4 1 0
github.com/jokruger/dec128/internal.go:270.3,270.53 1 0
github.com/jokruger/dec128/internal.go:273.2,274.18 2 1
github.com/jokruger/dec128/internal.go:274.18,276.3 1 0
github.com/jokruger/dec128/internal.go:279.2,285.6 3 1
github.com/jokruger/dec128/internal.go:285.6,288.23 2 1
github.com/jokruger/dec128/internal.go:288.23,290.4 1 0
github.com/jokruger/dec128/internal.go:292.3,293.23 2 1
github.com/jokruger/dec128/internal.go:293.23,295.4 1 0
github.com/jokruger/dec128/internal.go:297.3,298.25 2 1
github.com/jokruger/dec128/internal.go:298.25,299.9 1 1
github.com/jokruger/dec128/internal.go:302.3,302.9 1 1
github.com/jokruger/dec128/internal.go:305.2,305.41 1 1
github.com/jokruger/dec128/json.go:10.50,11.31 1 1
github.com/jokruger/dec128/json.go:11.31,13.3 1 1
github.com/jokruger/dec128/json.go:15.2,15.19 1 1
github.com/jokruger/dec128/json.go:15.19,17.3 1 1
github.com/jokruger/dec128/json.go:19.2,22.10 4 1
github.com/jokruger/dec128/json.go:22.10,24.3 1 1
github.com/jokruger/dec128/json.go:25.2,25.29 1 1
github.com/jokruger/dec128/json.go:31.54,32.66 1 1
github.com/jokruger/dec128/json.go:32.66,34.3 1 1
github.com/jokruger/dec128/json.go:36.2,36.52 1 1
github.com/jokruger/dec128/json.go:36.52,39.3 2 1
github.com/jokruger/dec128/json.go:41.2,42.15 2 1
github.com/jokruger/dec128/json.go:42.15,44.3 1 0
github.com/jokruger/dec128/json.go:45.2,47.12 2 1
github.com/jokruger/dec128/rounding.go:15.49,16.51 1 1
github.com/jokruger/dec128/rounding.go:16.51,18.3 1 1
github.com/jokruger/dec128/rounding.go:20.2,21.22 2 1
github.com/jokruger/dec128/rounding.go:21.22,23.3 1 0
github.com/jokruger/dec128/rounding.go:25.2,25.38 1 1
github.com/jokruger/dec128/rounding.go:25.38,27.23 2 1
github.com/jokruger/dec128/rounding.go:27.23,29.4 1 0
github.com/jokruger/dec128/rounding.go:32.2,32.54 1 1
github.com/jokruger/dec128/rounding.go:45.47,46.51 1 1
github.com/jokruger/dec128/rounding.go:46.51,48.3 1 1
github.com/jokruger/dec128/rounding.go:50.2,51.22 2 1
github.com/jokruger/dec128/rounding.go:51.22,53.3 1 0
github.com/jokruger/dec128/rounding.go:55.2,55.38 1 1
github.com/jokruger/dec128/rounding.go:55.38,57.23 2 1
github.com/jokruger/dec128/rounding.go:57.23,59.4 1 0
github.com/jokruger/dec128/rounding.go:62.2,62.54 1 1
github.com/jokruger/dec128/rounding.go:75.55,77.2 1 1
github.com/jokruger/dec128/rounding.go:89.57,90.51 1 1
github.com/jokruger/dec128/rounding.go:90.51,92.3 1 1
github.com/jokruger/dec128/rounding.go:94.2,95.22 2 1
github.com/jokruger/dec128/rounding.go:95.22,97.3 1 0
github.com/jokruger/dec128/rounding.go:99.2,99.11 1 1
github.com/jokruger/dec128/rounding.go:99.11,101.23 2 1
github.com/jokruger/dec128/rounding.go:101.23,103.4 1 0
github.com/jokruger/dec128/rounding.go:106.2,106.54 1 1
github.com/jokruger/dec128/rounding.go:119.59,120.51 1 1
github.com/jokruger/dec128/rounding.go:120.51,122.3 1 1
github.com/jokruger/dec128/rounding.go:124.2,128.22 4 1
github.com/jokruger/dec128/rounding.go:128.22,130.3 1 0
github.com/jokruger/dec128/rounding.go:132.2,132.14 1 1
github.com/jokruger/dec128/rounding.go:132.14,134.23 2 1
github.com/jokruger/dec128/rounding.go:134.23,136.4 1 0
github.com/jokruger/dec128/rounding.go:139.2,139.54 1 1
github.com/jokruger/dec128/rounding.go:152.61,153.51 1 1
github.com/jokruger/dec128/rounding.go:153.51,155.3 1 1
github.com/jokruger/dec128/rounding.go:157.2,161.22 4 1
github.com/jokruger/dec128/rounding.go:161.22,163.3 1 0
github.com/jokruger/dec128/rounding.go:165.2,165.15 1 1
github.com/jokruger/dec128/rounding.go:165.15,167.23 2 1
github.com/jokruger/dec128/rounding.go:167.23,169.4 1 0
github.com/jokruger/dec128/rounding.go:172.2,172.54 1 1
github.com/jokruger/dec128/rounding.go:184.49,185.51 1 1
github.com/jokruger/dec128/rounding.go:185.51,187.3 1 1
github.com/jokruger/dec128/rounding.go:189.2,193.22 4 1
github.com/jokruger/dec128/rounding.go:193.22,195.3 1 0
github.com/jokruger/dec128/rounding.go:197.2,197.44 1 1
github.com/jokruger/dec128/rounding.go:197.44,199.23 2 1
github.com/jokruger/dec128/rounding.go:199.23,201.4 1 0
github.com/jokruger/dec128/rounding.go:204.2,204.54 1 1
github.com/jokruger/dec128/rounding.go:213.45,214.51 1 1
github.com/jokruger/dec128/rounding.go:214.51,216.3 1 1
github.com/jokruger/dec128/rounding.go:218.2,219.22 2 1
github.com/jokruger/dec128/rounding.go:219.22,221.3 1 0
github.com/jokruger/dec128/rounding.go:223.2,223.54 1 1
github.com/jokruger/dec128/text.go:8.50,9.31 1 1
github.com/jokruger/dec128/text.go:9.31,11.3 1 1
github.com/jokruger/dec128/text.go:13.2,13.19 1 1
github.com/jokruger/dec128/text.go:13.19,15.3 1 1
github.com/jokruger/dec128/text.go:17.2,19.10 3 1
github.com/jokruger/dec128/text.go:19.10,21.3 1 0
github.com/jokruger/dec128/text.go:23.2,23.16 1 1
github.com/jokruger/dec128/text.go:27.54,28.20 1 1
github.com/jokruger/dec128/text.go:28.20,31.3 2 1
github.com/jokruger/dec128/text.go:33.2,34.15 2 1
github.com/jokruger/dec128/text.go:34.15,36.3 1 0
github.com/jokruger/dec128/text.go:37.2,39.12 2 1
github.com/jokruger/dec128/to.go:12.60,13.52 1 1
github.com/jokruger/dec128/to.go:13.52,15.3 1 1
github.com/jokruger/dec128/to.go:17.2,18.28 2 1
github.com/jokruger/dec128/to.go:18.28,20.3 1 1
github.com/jokruger/dec128/to.go:22.2,23.22 2 1
github.com/jokruger/dec128/to.go:23.22,25.3 1 1
github.com/jokruger/dec128/to.go:27.2,27.26 1 1
github.com/jokruger/dec128/to.go:27.26,28.30 1 1
github.com/jokruger/dec128/to.go:28.30,30.4 1 1
github.com/jokruger/dec128/to.go:31.3,31.24 1 1
github.com/jokruger/dec128/to.go:34.2,34.29 1 1
github.com/jokruger/dec128/to.go:34.29,36.3 1 1
github.com/jokruger/dec128/to.go:38.2,38.22 1 1
github.com/jokruger/dec128/to.go:43.62,44.52 1 1
github.com/jokruger/dec128/to.go:44.52,46.3 1 1
github.com/jokruger/dec128/to.go:48.2,48.29 1 1
github.com/jokruger/dec128/to.go:48.29,50.3 1 1
github.com/jokruger/dec128/to.go:52.2,53.28 2 1
github.com/jokruger/dec128/to.go:53.28,55.3 1 1
github.com/jokruger/dec128/to.go:57.2,58.22 2 1
github.com/jokruger/dec128/to.go:58.22,60.3 1 1
github.com/jokruger/dec128/to.go:62.2,62.15 1 1
github.com/jokruger/dec128/to.go:67.72,68.52 1 1
github.com/jokruger/dec128/to.go:68.52,70.3 1 1
github.com/jokruger/dec128/to.go:72.2,72.29 1 1
github.com/jokruger/dec128/to.go:72.29,74.3 1 1
github.com/jokruger/dec128/to.go:76.2,77.28 2 1
github.com/jokruger/dec128/to.go:77.28,79.3 1 1
github.com/jokruger/dec128/to.go:81.2,81.20 1 1
github.com/jokruger/dec128/to.go:87.36,90.2 2 1
github.com/jokruger/dec128/to.go:95.51,98.31 2 1
github.com/jokruger/dec128/to.go:98.31,100.3 1 1
github.com/jokruger/dec128/to.go:102.2,102.24 1 1
github.com/jokruger/dec128/to.go:102.24,104.3 1 1
github.com/jokruger/dec128/to.go:106.2,107.10 2 1
github.com/jokruger/dec128/to.go:107.10,109.3 1 1
github.com/jokruger/dec128/to.go:111.2,111.11 1 1
github.com/jokruger/dec128/to.go:116.41,117.31 1 1
github.com/jokruger/dec128/to.go:117.31,119.3 1 1
github.com/jokruger/dec128/to.go:121.2,121.24 1 1
github.com/jokruger/dec128/to.go:121.24,123.3 1 1
github.com/jokruger/dec128/to.go:125.2,128.19 3 1
github.com/jokruger/dec128/to.go:132.43,134.2 1 1
github.com/jokruger/dec128/to.go:138.54,139.31 1 1
github.com/jokruger/dec128/to.go:139.31,141.3 1 1
github.com/jokruger/dec128/to.go:142.2,142.46 1 1
github.com/jokruger/dec128/tools.go:4.40,5.22 1 1
github.com/jokruger/dec128/tools.go:5.22,6.23 1 1
github.com/jokruger/dec128/tools.go:6.23,8.4 1 1
github.com/jokruger/dec128/tools.go:10.2,10.10 1 1
github.com/jokruger/dec128/tools.go:14.40,15.22 1 1
github.com/jokruger/dec128/tools.go:15.22,16.20 1 1
github.com/jokruger/dec128/tools.go:16.20,18.4 1 1
github.com/jokruger/dec128/tools.go:20.2,20.10 1 1
github.com/jokruger/dec128/tools.go:24.40,25.22 1 1
github.com/jokruger/dec128/tools.go:25.22,27.3 1 1
github.com/jokruger/dec128/tools.go:28.2,28.10 1 1
github.com/jokruger/dec128/tools.go:32.40,34.2 1 1
github.com/jokruger/dec128/state/state.go:63.28,65.2 1 1
github.com/jokruger/dec128/state/state.go:67.31,69.2 1 1
github.com/jokruger/dec128/state/state.go:71.32,73.2 1 1
github.com/jokruger/dec128/state/state.go:75.30,77.2 1 1
github.com/jokruger/dec128/uint128/arithmetic.go:10.63,14.15 3 1
github.com/jokruger/dec128/uint128/arithmetic.go:14.15,16.3 1 1
github.com/jokruger/dec128/uint128/arithmetic.go:18.2,18.34 1 1
github.com/jokruger/dec128/uint128/arithmetic.go:22.64,26.15 3 1
github.com/jokruger/dec128/uint128/arithmetic.go:26.15,28.3 1 0
github.com/jokruger/dec128/uint128/arithmetic.go:30.2,30.34 1 1
github.com/jokruger/dec128/uint128/arithmetic.go:34.63,38.16 3 1
github.com/jokruger/dec128/uint128/arithmetic.go:38.16,40.3 1 1
github.com/jokruger/dec128/uint128/arithmetic.go:42.2,42.34 1 1
github.com/jokruger/dec128/uint128/arithmetic.go:46.64,50.16 3 1
github.com/jokruger/dec128/uint128/arithmetic.go:50.16,52.3 1 1
github.com/jokruger/dec128/uint128/arithmetic.go:54.2,54.34 1 1
github.com/jokruger/dec128/uint128/arithmetic.go:58.63,65.65 6 1
github.com/jokruger/dec128/uint128/arithmetic.go:65.65,67.3 1 1
github.com/jokruger/dec128/uint128/arithmetic.go:69.2,69.34 1 1
github.com/jokruger/dec128/uint128/arithmetic.go:73.64,74.35 1 1
github.com/jokruger/dec128/uint128/arithmetic.go:74.35,77.3 2 1
github.com/jokruger/dec128/uint128/arithmetic.go:79.2,95.72 11 1
github.com/jokruger/dec128/uint128/arithmetic.go:99.64,104.22 4 1
github.com/jokruger/dec128/uint128/arithmetic.go:104.22,106.3 1 0
github.com/jokruger/dec128/uint128/arithmetic.go:108.2,108.34 1 1
github.com/jokruger/dec128/uint128/arithmetic.go:112.83,117.22 4 1
github.com/jokruger/dec128/uint128/arithmetic.go:117.22,119.3 1 0
github.com/jokruger/dec128/uint128/arithmetic.go:121.2,124.12 3 1
github.com/jokruger/dec128/uint128/arithmetic.go:124.12,126.3 1 1
github.com/jokruger/dec128/uint128/arithmetic.go:128.2,128.34 1 1
github.com/jokruger/dec128/uint128/arithmetic.go:132.63,135.2 2 1
github.com/jokruger/dec128/uint128/arithmetic.go:138.64,141.2 2 1
github.com/jokruger/dec128/uint128/arithmetic.go:144.63,147.2 2 1
github.com/jokruger/dec128/uint128/arithmetic.go:150.63,153.2 2 1
github.com/jokruger/dec128/uint128/arithmetic.go:156.75,157.20 1 1
github.com/jokruger/dec128/uint128/arithmetic.go:157.20,159.3 1 1
github.com/jokruger/dec128/uint128/arithmetic.go:161.2,165.19 4 1
github.com/jokruger/dec128/uint128/arithmetic.go:165.19,168.23 3 1
github.com/jokruger/dec128/uint128/arithmetic.go:168.23,170.4 1 0
github.com/jokruger/dec128/uint128/arithmetic.go:171.3,171.22 1 1
github.com/jokruger/dec128/uint128/arithmetic.go:172.8,178.13 6 1
github.com/jokruger/dec128/uint128/arithmetic.go:178.13,180.4 1 1
github.com/jokruger/dec128/uint128/arithmetic.go:181.3,184.23 4 1
github.com/jokruger/dec128/uint128/arithmetic.go:184.23,186.4 1 0
github.com/jokruger/dec128/uint128/arithmetic.go:187.3,188.23 2 1
github.com/jokruger/dec128/uint128/arithmetic.go:188.23,190.4 1 0
github.com/jokruger/dec128/uint128/arithmetic.go:191.3,191.28 1 1
github.com/jokruger/dec128/uint128/arithmetic.go:191.28,193.24 2 1
github.com/jokruger/dec128/uint128/arithmetic.go:193.24,195.5 1 0
github.com/jokruger/dec128/uint128/arithmetic.go:196.4,197.24 2 1
github.com/jokruger/dec128/uint128/arithmetic.go:197.24,199.5 1 0
github.com/jokruger/dec128/uint128/arithmetic.go:203.2,203.23 1 1
github.com/jokruger/dec128/uint128/arithmetic.go:207.75,208.16 1 1
github.com/jokruger/dec128/uint128/arithmetic.go:208.16,210.3 1 1
github.com/jokruger/dec128/uint128/arithmetic.go:212.2,215.21 3 1
github.com/jokruger/dec128/uint128/arithmetic.go:215.21,217.3 1 1
github.com/jokruger/dec128/uint128/arithmetic.go:217.8,220.3 2 1
github.com/jokruger/dec128/uint128/arithmetic.go:222.2,222.23 1 1
github.com/jokruger/dec128/uint128/bitwise.go:6.48,8.2 1 1
github.com/jokruger/dec128/uint128/bitwise.go:11.49,13.2 1 1
github.com/jokruger/dec128/uint128/bitwise.go:16.47,18.2 1 1
github.com/jokruger/dec128/uint128/bitwise.go:21.48,23.2 1 1
github.com/jokruger/dec128/uint128/bitwise.go:26.48,28.2 1 1
github.com/jokruger/dec128/uint128/bitwise.go:31.49,33.2 1 1
github.com/jokruger/dec128/uint128/bitwise.go:36.41,37.12 1 1
github.com/jokruger/dec128/uint128/bitwise.go:37.12,39.3 1 1
github.com/jokruger/dec128/uint128/bitwise.go:40.2,40.60 1 1
github.com/jokruger/dec128/uint128/bitwise.go:44.41,45.12 1 1
github.com/jokruger/dec128/uint128/bitwise.go:45.12,47.3 1 1
github.com/jokruger/dec128/uint128/bitwise.go:48.2,48.60 1 1
github.com/jokruger/dec128/uint128/bitwise.go:52.48,53.17 1 1
github.com/jokruger/dec128/uint128/bitwise.go:53.17,55.3 1 1
github.com/jokruger/dec128/uint128/bitwise.go:56.2,56.42 1 1
github.com/jokruger/dec128/uint128/bitwise.go:60.49,61.17 1 1
github.com/jokruger/dec128/uint128/bitwise.go:61.17,63.3 1 1
github.com/jokruger/dec128/uint128/bitwise.go:64.2,64.43 1 1
github.com/jokruger/dec128/uint128/bitwise.go:68.44,70.2 1 1
github.com/jokruger/dec128/uint128/bitwise.go:73.51,77.2 3 1
github.com/jokruger/dec128/uint128/bitwise.go:80.52,82.2 1 1
github.com/jokruger/dec128/uint128/bitwise.go:85.43,87.2 1 1
github.com/jokruger/dec128/uint128/from.go:11.35,13.2 1 1
github.com/jokruger/dec128/uint128/from.go:16.37,18.2 1 1
github.com/jokruger/dec128/uint128/from.go:21.45,23.2 1 1
github.com/jokruger/dec128/uint128/from.go:26.52,27.18 1 1
github.com/jokruger/dec128/uint128/from.go:27.18,29.3 1 0
github.com/jokruger/dec128/uint128/from.go:31.2,31.22 1 1
github.com/jokruger/dec128/uint128/from.go:31.22,33.3 1 0
github.com/jokruger/dec128/uint128/from.go:35.2,35.61 1 1
github.com/jokruger/dec128/uint128/from.go:39.64,42.13 2 1
github.com/jokruger/dec128/uint128/from.go:42.13,44.3 1 0
github.com/jokruger/dec128/uint128/from.go:46.2,46.27 1 1
github.com/jokruger/dec128/uint128/from.go:46.27,49.21 2 1
github.com/jokruger/dec128/uint128/from.go:49.21,51.26 2 1
github.com/jokruger/dec128/uint128/from.go:51.26,53.5 1 1
github.com/jokruger/dec128/uint128/from.go:54.4,54.28 1 1
github.com/jokruger/dec128/uint128/from.go:56.3,56.33 1 1
github.com/jokruger/dec128/uint128/from.go:60.2,62.26 3 1
github.com/jokruger/dec128/uint128/from.go:62.26,64.25 2 1
github.com/jokruger/dec128/uint128/from.go:64.25,66.4 1 0
github.com/jokruger/dec128/uint128/from.go:67.3,68.6 2 1
github.com/jokruger/dec128/uint128/from.go:72.2,74.13 3 1
github.com/jokruger/dec128/uint128/from.go:74.13,76.25 2 1
github.com/jokruger/dec128/uint128/from.go:76.25,78.4 1 0
github.com/jokruger/dec128/uint128/from.go:80.3,81.23 2 1
github.com/jokruger/dec128/uint128/from.go:81.23,83.4 1 0
github.com/jokruger/dec128/uint128/from.go:85.3,85.6 1 1
github.com/jokruger/dec128/uint128/from.go:88.2,88.20 1 1
github.com/jokruger/dec128/uint128/from.go:92.68,95.13 2 1
github.com/jokruger/dec128/uint128/from.go:95.13,97.3 1 0
github.com/jokruger/dec128/uint128/from.go:99.2,99.27 1 1
github.com/jokruger/dec128/uint128/from.go:99.27,102.21 2 1
github.com/jokruger/dec128/uint128/from.go:102.21,104.4 1 1
github.com/jokruger/dec128/uint128/from.go:105.3,105.33 1 1
github.com/jokruger/dec128/uint128/from.go:109.2,111.26 3 1
github.com/jokruger/dec128/uint128/from.go:111.26,114.3 2 1
github.com/jokruger/dec128/uint128/from.go:117.2,119.13 3 1
github.com/jokruger/dec128/uint128/from.go:119.13,121.23 2 1
github.com/jokruger/dec128/uint128/from.go:121.23,123.4 1 0
github.com/jokruger/dec128/uint128/from.go:124.3,124.6 1 1
github.com/jokruger/dec128/uint128/from.go:127.2,127.20 1 1
github.com/jokruger/dec128/uint128/marshal.go:4.51,6.2 1 1
github.com/jokruger/dec128/uint128/marshal.go:9.52,10.17 1 1
github.com/jokruger/dec128/uint128/marshal.go:10.17,13.3 2 1
github.com/jokruger/dec128/uint128/marshal.go:15.2,16.18 2 1
github.com/jokruger/dec128/uint128/marshal.go:16.18,18.3 1 1
github.com/jokruger/dec128/uint128/marshal.go:20.2,21.12 2 1
github.com/jokruger/dec128/uint128/to.go:10.52,11.17 1 1
github.com/jokruger/dec128/uint128/to.go:11.17,13.3 1 1
github.com/jokruger/dec128/uint128/to.go:14.2,14.26 1 1
github.com/jokruger/dec128/uint128/to.go:18.38,22.2 3 1
github.com/jokruger/dec128/uint128/to.go:25.47,29.2 3 1
github.com/jokruger/dec128/uint128/to.go:32.39,37.2 4 1
github.com/jokruger/dec128/uint128/to.go:40.37,41.19 1 1
github.com/jokruger/dec128/uint128/to.go:41.19,43.3 1 1
github.com/jokruger/dec128/uint128/to.go:45.2,48.19 3 1
github.com/jokruger/dec128/uint128/to.go:52.52,58.6 5 1
github.com/jokruger/dec128/uint128/to.go:58.6,59.16 1 1
github.com/jokruger/dec128/uint128/to.go:59.16,61.14 2 1
github.com/jokruger/dec128/uint128/to.go:61.14,65.5 3 1
github.com/jokruger/dec128/uint128/to.go:66.4,66.18 1 1
github.com/jokruger/dec128/uint128/to.go:69.3,71.13 3 1
github.com/jokruger/dec128/uint128/to.go:71.13,76.4 4 1
github.com/jokruger/dec128/uint128/to.go:78.3,78.17 1 1
github.com/jokruger/dec128/uint128/to.go:78.17,80.4 1 0
github.com/jokruger/dec128/uint128/to.go:82.3,82.13 1 1
github.com/jokruger/dec128/uint128/to.go:82.13,86.4 3 1
github.com/jokruger/dec128/uint128/tools.go:11.53,12.18 1 1
github.com/jokruger/dec128/uint128/tools.go:12.18,14.3 1 0
github.com/jokruger/dec128/uint128/tools.go:16.2,19.17 3 1
github.com/jokruger/dec128/uint128/tools.go:23.62,24.18 1 1
github.com/jokruger/dec128/uint128/tools.go:24.18,26.3 1 0
github.com/jokruger/dec128/uint128/tools.go:28.2,31.17 3 1
github.com/jokruger/dec128/uint128/tools.go:35.51,39.2 3 1
github.com/jokruger/dec128/uint128/tools.go:42.60,46.2 3 1
github.com/jokruger/dec128/uint128/tools.go:49.44,51.2 1 1
github.com/jokruger/dec128/uint128/tools.go:54.90,55.20 1 1
github.com/jokruger/dec128/uint128/tools.go:55.20,57.3 1 1
github.com/jokruger/dec128/uint128/tools.go:59.2,59.32 1 1
github.com/jokruger/dec128/uint128/tools.go:59.32,62.3 2 1
github.com/jokruger/dec128/uint128/tools.go:65.2,65.27 1 1
github.com/jokruger/dec128/uint128/tools.go:65.27,68.3 1 1
github.com/jokruger/dec128/uint128/tools.go:74.2,88.44 9 1
github.com/jokruger/dec128/uint128/tools.go:88.44,90.3 1 1
github.com/jokruger/dec128/uint128/tools.go:92.2,94.33 2 1
github.com/jokruger/dec128/uint128/tools.go:94.33,107.25 7 1
github.com/jokruger/dec128/uint128/tools.go:107.25,111.40 2 0
github.com/jokruger/dec128/uint128/tools.go:111.40,113.5 1 0
github.com/jokruger/dec128/uint128/tools.go:116.3,120.12 3 1
github.com/jokruger/dec128/uint128/tools.go:121.10,123.27 1 1
github.com/jokruger/dec128/uint128/tools.go:124.10,127.27 2 0
github.com/jokruger/dec128/uint128/tools.go:128.10,138.25 4 0
github.com/jokruger/dec128/uint128/tools.go:141.3,141.32 1 1
github.com/jokruger/dec128/uint128/tools.go:145.2,147.49 2 1
github.com/jokruger/dec128/uint128/tools.go:154.86,155.16 1 1
github.com/jokruger/dec128/uint128/tools.go:155.16,157.3 1 1
github.com/jokruger/dec128/uint128/tools.go:160.2,165.45 3 1
github.com/jokruger/dec128/uint128/tools.go:170.46,174.2 3 1
github.com/jokruger/dec128/uint128/uint128.go:11.35,13.2 1 1
github.com/jokruger/dec128/uint128/uint128.go:16.47,18.2 1 1
github.com/jokruger/dec128/uint128/uint128.go:21.48,22.19 1 1
github.com/jokruger/dec128/uint128/uint128.go:22.19,24.3 1 1
github.com/jokruger/dec128/uint128/uint128.go:26.2,26.71 1 1
github.com/jokruger/dec128/uint128/uint128.go:26.71,28.3 1 1
github.com/jokruger/dec128/uint128/uint128.go:30.2,30.10 1 1
github.com/jokruger/dec128/uint128/uint128.go:34.34,36.2 1 1
